
Showing logs for build [32mcb-kubecd-environment-pr-241-1-z5zhj-1[0m stage [32mfrom-build-pack[0m and container [32mstep-credential-initializer-fhg2b[0m
{"level":"info","ts":1592923726.2441492,"logger":"fallback-logger","caller":"logging/config.go:69","msg":"Fetch GitHub commit ID from kodata failed: open /var/run/ko/refs/heads/0.8.0-ns-support: no such file or directory"}
{"level":"info","ts":1592923726.2465668,"logger":"fallback-logger","caller":"creds-init/main.go:40","msg":"Credentials initialized."}

Showing logs for build [32mcb-kubecd-environment-pr-241-1-z5zhj-1[0m stage [32mfrom-build-pack[0m and container [32mstep-working-dir-initializer-thsr6[0m
{"level":"info","ts":1592923727.8135154,"logger":"fallback-logger","caller":"logging/config.go:69","msg":"Fetch GitHub commit ID from kodata failed: open /var/run/ko/HEAD: no such file or directory"}
{"level":"info","ts":1592923727.8168838,"logger":"fallback-logger","caller":"bash/main.go:64","msg":"Successfully executed command \"sh -c mkdir -p /workspace/source\"; output "}

Showing logs for build [32mcb-kubecd-environment-pr-241-1-z5zhj-1[0m stage [32mfrom-build-pack[0m and container [32mstep-place-tools[0m

Showing logs for build [32mcb-kubecd-environment-pr-241-1-z5zhj-1[0m stage [32mfrom-build-pack[0m and container [32mstep-git-source-cb-kubecd-environment-pr-241-1-z5zhj-2zwj9[0m
{"level":"info","ts":1592923731.7893026,"logger":"fallback-logger","caller":"logging/config.go:69","msg":"Fetch GitHub commit ID from kodata failed: open /var/run/ko/refs/heads/0.8.0-ns-support: no such file or directory"}
{"level":"info","ts":1592923732.9165473,"logger":"fallback-logger","caller":"git/git.go:103","msg":"Successfully cloned https://github.com/cb-kubecd/environment-pr-241-1-boot-gke-staging.git @ master in path /workspace/source"}

Showing logs for build [32mcb-kubecd-environment-pr-241-1-z5zhj-1[0m stage [32mfrom-build-pack[0m and container [32mstep-git-merge[0m
Using SHAs from PULL_REFS=master:372b89eb98ae7c457a481c02241efcd807ae01b1,2:05b1f1edbef0a27594b4309a261cc08f2a4f1662
DEBUG: LC_ALL=C JX_LOG_LEVEL=error git fetch origin --unshallow 05b1f1edbef0a27594b4309a261cc08f2a4f1662: 372b89eb98ae7c457a481c02241efcd807ae01b1:
DEBUG: ran git fetch --unshallow origin 05b1f1edbef0a27594b4309a261cc08f2a4f1662: 372b89eb98ae7c457a481c02241efcd807ae01b1: in 
DEBUG: LC_ALL=C JX_LOG_LEVEL=error git branch
DEBUG: LC_ALL=C JX_LOG_LEVEL=error git checkout master
DEBUG: ran git checkout master in 
DEBUG: JX_LOG_LEVEL=error LC_ALL=C git reset --hard 372b89eb98ae7c457a481c02241efcd807ae01b1
DEBUG: ran git reset --hard 372b89eb98ae7c457a481c02241efcd807ae01b1 in 
DEBUG: LC_ALL=C JX_LOG_LEVEL=error git clean -fd .
DEBUG: ran clean --force -d . in 
DEBUG: LC_ALL=C JX_LOG_LEVEL=error git merge 05b1f1edbef0a27594b4309a261cc08f2a4f1662
DEBUG: ran git merge 05b1f1edbef0a27594b4309a261cc08f2a4f1662 in 
DEBUG: LC_ALL=C JX_LOG_LEVEL=error git log --format=%H%x1f%an%x1f%ae%x1f%cn%x1f%ce%x1f%s%n%b%x1e 372b89eb98ae7c457a481c02241efcd807ae01b1..HEAD
Merged SHA 05b1f1edbef0a27594b4309a261cc08f2a4f1662 with commit message 'chore: Promote bdd-nh-1592923396 to version 0.0.1' into base branch master

Showing logs for build [32mcb-kubecd-environment-pr-241-1-z5zhj-1[0m stage [32mfrom-build-pack[0m and container [32mstep-build-helm-build[0m
WARNING: No $CHART_REPOSITORY defined so using the default value of: http://jenkins-x-chartmuseum:8080
Adding missing Helm repo: storage.googleapis.com https://storage.googleapis.com/chartmuseum.jenkins-x.io
WARNING: No secrets found on "helm/repos" due: reading the secret "helm/repos" from vault: no secret "helm/repos" not found in vault
Read credentials for https://storage.googleapis.com/chartmuseum.jenkins-x.io from vault helm/repos
Successfully added Helm repository storage.googleapis.com.
Adding missing Helm repo: jenkins-x-chartmuseum http://jenkins-x-chartmuseum:8080
WARNING: No secrets found on "helm/repos" due: reading the secret "helm/repos" from vault: no secret "helm/repos" not found in vault
Read credentials for http://jenkins-x-chartmuseum:8080 from vault helm/repos
Successfully added Helm repository jenkins-x-chartmuseum.
WARNING: No $CHART_REPOSITORY defined so using the default value of: http://jenkins-x-chartmuseum:8080
Adding missing Helm repo: chartmuseum.jenkins-x.io http://chartmuseum.jenkins-x.io
WARNING: No secrets found on "helm/repos" due: reading the secret "helm/repos" from vault: no secret "helm/repos" not found in vault
Read credentials for http://chartmuseum.jenkins-x.io from vault helm/repos
Successfully added Helm repository chartmuseum.jenkins-x.io.
