
Showing logs for build [32mcb-kubecd-environment-pr-241-1-kdxjd-1[0m stage [32mfrom-build-pack[0m and container [32mstep-credential-initializer-hqhpk[0m
{"level":"info","ts":1592925073.0077913,"logger":"fallback-logger","caller":"logging/config.go:69","msg":"Fetch GitHub commit ID from kodata failed: open /var/run/ko/refs/heads/0.8.0-ns-support: no such file or directory"}
{"level":"info","ts":1592925073.008342,"logger":"fallback-logger","caller":"creds-init/main.go:40","msg":"Credentials initialized."}

Showing logs for build [32mcb-kubecd-environment-pr-241-1-kdxjd-1[0m stage [32mfrom-build-pack[0m and container [32mstep-working-dir-initializer-vqnrw[0m
{"level":"info","ts":1592925073.983344,"logger":"fallback-logger","caller":"logging/config.go:69","msg":"Fetch GitHub commit ID from kodata failed: open /var/run/ko/HEAD: no such file or directory"}
{"level":"info","ts":1592925073.9860275,"logger":"fallback-logger","caller":"bash/main.go:64","msg":"Successfully executed command \"sh -c mkdir -p /workspace/source\"; output "}

Showing logs for build [32mcb-kubecd-environment-pr-241-1-kdxjd-1[0m stage [32mfrom-build-pack[0m and container [32mstep-place-tools[0m

Showing logs for build [32mcb-kubecd-environment-pr-241-1-kdxjd-1[0m stage [32mfrom-build-pack[0m and container [32mstep-git-source-cb-kubecd-environment-pr-241-1-kdxjd-7nxxq[0m
{"level":"info","ts":1592925078.085827,"logger":"fallback-logger","caller":"logging/config.go:69","msg":"Fetch GitHub commit ID from kodata failed: open /var/run/ko/refs/heads/0.8.0-ns-support: no such file or directory"}
{"level":"info","ts":1592925079.1261418,"logger":"fallback-logger","caller":"git/git.go:103","msg":"Successfully cloned https://github.com/cb-kubecd/environment-pr-241-1-boot-gke-staging.git @ master in path /workspace/source"}

Showing logs for build [32mcb-kubecd-environment-pr-241-1-kdxjd-1[0m stage [32mfrom-build-pack[0m and container [32mstep-git-merge[0m
Using SHAs from PULL_REFS=master:6a257de944ba5db2ae3ae634cfddfa540c877a34,4:af574fe4a2e164f35a386870173697f01de80fa6
DEBUG: JX_LOG_LEVEL=error LC_ALL=C git fetch origin --unshallow af574fe4a2e164f35a386870173697f01de80fa6: 6a257de944ba5db2ae3ae634cfddfa540c877a34:
DEBUG: ran git fetch --unshallow origin af574fe4a2e164f35a386870173697f01de80fa6: 6a257de944ba5db2ae3ae634cfddfa540c877a34: in 
DEBUG: LC_ALL=C JX_LOG_LEVEL=error git branch
DEBUG: LC_ALL=C JX_LOG_LEVEL=error git checkout master
DEBUG: ran git checkout master in 
DEBUG: LC_ALL=C JX_LOG_LEVEL=error git reset --hard 6a257de944ba5db2ae3ae634cfddfa540c877a34
DEBUG: ran git reset --hard 6a257de944ba5db2ae3ae634cfddfa540c877a34 in 
DEBUG: LC_ALL=C JX_LOG_LEVEL=error git clean -fd .
DEBUG: ran clean --force -d . in 
DEBUG: LC_ALL=C JX_LOG_LEVEL=error git merge af574fe4a2e164f35a386870173697f01de80fa6
DEBUG: ran git merge af574fe4a2e164f35a386870173697f01de80fa6 in 
DEBUG: LC_ALL=C JX_LOG_LEVEL=error git log --format=%H%x1f%an%x1f%ae%x1f%cn%x1f%ce%x1f%s%n%b%x1e 6a257de944ba5db2ae3ae634cfddfa540c877a34..HEAD
Merged SHA af574fe4a2e164f35a386870173697f01de80fa6 with commit message 'chore: Promote bdd-sbhg-1592923396 to version 0.0.1' into base branch master

Showing logs for build [32mcb-kubecd-environment-pr-241-1-kdxjd-1[0m stage [32mfrom-build-pack[0m and container [32mstep-build-helm-build[0m
WARNING: No $CHART_REPOSITORY defined so using the default value of: http://jenkins-x-chartmuseum:8080
Adding missing Helm repo: storage.googleapis.com https://storage.googleapis.com/chartmuseum.jenkins-x.io
WARNING: No secrets found on "helm/repos" due: reading the secret "helm/repos" from vault: no secret "helm/repos" not found in vault
Read credentials for https://storage.googleapis.com/chartmuseum.jenkins-x.io from vault helm/repos
Successfully added Helm repository storage.googleapis.com.
Adding missing Helm repo: jenkins-x-chartmuseum http://jenkins-x-chartmuseum:8080
WARNING: No secrets found on "helm/repos" due: reading the secret "helm/repos" from vault: no secret "helm/repos" not found in vault
Read credentials for http://jenkins-x-chartmuseum:8080 from vault helm/repos
Successfully added Helm repository jenkins-x-chartmuseum.
WARNING: No $CHART_REPOSITORY defined so using the default value of: http://jenkins-x-chartmuseum:8080
Adding missing Helm repo: chartmuseum.jenkins-x.io http://chartmuseum.jenkins-x.io
WARNING: No secrets found on "helm/repos" due: reading the secret "helm/repos" from vault: no secret "helm/repos" not found in vault
Read credentials for http://chartmuseum.jenkins-x.io from vault helm/repos
Successfully added Helm repository chartmuseum.jenkins-x.io.
